<?xml version="1.0" encoding="UTF-8"?>
<testsuites>
  <testsuite name="" tests="19" assertions="54" errors="0" warnings="0" failures="0" skipped="0" time="0.052116">
    <testsuite name="Project Test Suite" tests="19" assertions="54" errors="0" warnings="0" failures="0" skipped="0" time="0.052116">
      <testsuite name="App\Card\CardGraphicTest" file="/home/takl23/dbwebb-kurser/mvc/me/report/tests/Card/CardGraphicTest.php" tests="2" assertions="4" errors="0" warnings="0" failures="0" skipped="0" time="0.009225">
        <testcase name="testGraphicRep" class="App\Card\CardGraphicTest" classname="App.Card.CardGraphicTest" file="/home/takl23/dbwebb-kurser/mvc/me/report/tests/Card/CardGraphicTest.php" line="16" assertions="2" time="0.008739"/>
        <testcase name="testGraphicRepConvertToString" class="App\Card\CardGraphicTest" classname="App.Card.CardGraphicTest" file="/home/takl23/dbwebb-kurser/mvc/me/report/tests/Card/CardGraphicTest.php" line="26" assertions="2" time="0.000486"/>
      </testsuite>
      <testsuite name="App\Card\CardHandTest" file="/home/takl23/dbwebb-kurser/mvc/me/report/tests/Card/CardHandTest.php" tests="1" assertions="6" errors="0" warnings="0" failures="0" skipped="0" time="0.003056">
        <testcase name="testCardHand" class="App\Card\CardHandTest" classname="App.Card.CardHandTest" file="/home/takl23/dbwebb-kurser/mvc/me/report/tests/Card/CardHandTest.php" line="16" assertions="6" time="0.003056"/>
      </testsuite>
      <testsuite name="App\Card\CardTest" file="/home/takl23/dbwebb-kurser/mvc/me/report/tests/Card/CardTest.php" tests="4" assertions="8" errors="0" warnings="0" failures="0" skipped="0" time="0.002288">
        <testcase name="testCreateCard" class="App\Card\CardTest" classname="App.Card.CardTest" file="/home/takl23/dbwebb-kurser/mvc/me/report/tests/Card/CardTest.php" line="17" assertions="2" time="0.000311"/>
        <testcase name="testInvalidCardValue" class="App\Card\CardTest" classname="App.Card.CardTest" file="/home/takl23/dbwebb-kurser/mvc/me/report/tests/Card/CardTest.php" line="30" assertions="2" time="0.001243"/>
        <testcase name="testInvalidCardSuit" class="App\Card\CardTest" classname="App.Card.CardTest" file="/home/takl23/dbwebb-kurser/mvc/me/report/tests/Card/CardTest.php" line="40" assertions="2" time="0.000442"/>
        <testcase name="testCardColor" class="App\Card\CardTest" classname="App.Card.CardTest" file="/home/takl23/dbwebb-kurser/mvc/me/report/tests/Card/CardTest.php" line="50" assertions="2" time="0.000292"/>
      </testsuite>
      <testsuite name="App\Card\DeckOfCardsTest" file="/home/takl23/dbwebb-kurser/mvc/me/report/tests/Card/DeckOfCardsTest.php" tests="6" assertions="13" errors="0" warnings="0" failures="0" skipped="0" time="0.028953">
        <testcase name="testCreateDeck" class="App\Card\DeckOfCardsTest" classname="App.Card.DeckOfCardsTest" file="/home/takl23/dbwebb-kurser/mvc/me/report/tests/Card/DeckOfCardsTest.php" line="16" assertions="2" time="0.005314"/>
        <testcase name="testShuffleDeck" class="App\Card\DeckOfCardsTest" classname="App.Card.DeckOfCardsTest" file="/home/takl23/dbwebb-kurser/mvc/me/report/tests/Card/DeckOfCardsTest.php" line="27" assertions="3" time="0.018063"/>
        <testcase name="testDrawCard" class="App\Card\DeckOfCardsTest" classname="App.Card.DeckOfCardsTest" file="/home/takl23/dbwebb-kurser/mvc/me/report/tests/Card/DeckOfCardsTest.php" line="43" assertions="2" time="0.001107"/>
        <testcase name="testCountDeck" class="App\Card\DeckOfCardsTest" classname="App.Card.DeckOfCardsTest" file="/home/takl23/dbwebb-kurser/mvc/me/report/tests/Card/DeckOfCardsTest.php" line="54" assertions="2" time="0.001404"/>
        <testcase name="testGraphiccDeck" class="App\Card\DeckOfCardsTest" classname="App.Card.DeckOfCardsTest" file="/home/takl23/dbwebb-kurser/mvc/me/report/tests/Card/DeckOfCardsTest.php" line="65" assertions="2" time="0.001588"/>
        <testcase name="testDrawEmphtyDeck" class="App\Card\DeckOfCardsTest" classname="App.Card.DeckOfCardsTest" file="/home/takl23/dbwebb-kurser/mvc/me/report/tests/Card/DeckOfCardsTest.php" line="76" assertions="2" time="0.001476"/>
      </testsuite>
      <testsuite name="App\Card\Game21Test" file="/home/takl23/dbwebb-kurser/mvc/me/report/tests/Card/Game21Test.php" tests="5" assertions="21" errors="0" warnings="0" failures="0" skipped="0" time="0.007499">
        <testcase name="testSetupGameInitaialValues" class="App\Card\Game21Test" classname="App.Card.Game21Test" file="/home/takl23/dbwebb-kurser/mvc/me/report/tests/Card/Game21Test.php" line="16" assertions="4" time="0.002704"/>
        <testcase name="testNewGame" class="App\Card\Game21Test" classname="App.Card.Game21Test" file="/home/takl23/dbwebb-kurser/mvc/me/report/tests/Card/Game21Test.php" line="29" assertions="4" time="0.001340"/>
        <testcase name="testdrawCard" class="App\Card\Game21Test" classname="App.Card.Game21Test" file="/home/takl23/dbwebb-kurser/mvc/me/report/tests/Card/Game21Test.php" line="45" assertions="3" time="0.001135"/>
        <testcase name="testSumHand" class="App\Card\Game21Test" classname="App.Card.Game21Test" file="/home/takl23/dbwebb-kurser/mvc/me/report/tests/Card/Game21Test.php" line="63" assertions="3" time="0.001316"/>
        <testcase name="testProcessResult" class="App\Card\Game21Test" classname="App.Card.Game21Test" file="/home/takl23/dbwebb-kurser/mvc/me/report/tests/Card/Game21Test.php" line="86" assertions="7" time="0.001004"/>
      </testsuite>
      <testsuite name="App\Dice\DiceTest" file="/home/takl23/dbwebb-kurser/mvc/me/report/tests/Dice/DiceTest.php" tests="1" assertions="2" errors="0" warnings="0" failures="0" skipped="0" time="0.001094">
        <testcase name="testCreateDice" class="App\Dice\DiceTest" classname="App.Dice.DiceTest" file="/home/takl23/dbwebb-kurser/mvc/me/report/tests/Dice/DiceTest.php" line="16" assertions="2" time="0.001094"/>
      </testsuite>
    </testsuite>
  </testsuite>
</testsuites>
