<?xml version="1.0" encoding="UTF-8"?>
<testsuites>
  <testsuite name="" tests="27" assertions="62" errors="0" warnings="0" failures="0" skipped="0" time="0.064986">
    <testsuite name="Project Test Suite" tests="27" assertions="62" errors="0" warnings="0" failures="0" skipped="0" time="0.064986">
      <testsuite name="App\Card\CardGraphicTest" file="/home/takl23/dbwebb-kurser/mvc/me/report/tests/Card/CardGraphicTest.php" tests="2" assertions="4" errors="0" warnings="0" failures="0" skipped="0" time="0.010327">
        <testcase name="testGraphicRep" class="App\Card\CardGraphicTest" classname="App.Card.CardGraphicTest" file="/home/takl23/dbwebb-kurser/mvc/me/report/tests/Card/CardGraphicTest.php" line="16" assertions="2" time="0.009978"/>
        <testcase name="testGraphicRepConvertToString" class="App\Card\CardGraphicTest" classname="App.Card.CardGraphicTest" file="/home/takl23/dbwebb-kurser/mvc/me/report/tests/Card/CardGraphicTest.php" line="26" assertions="2" time="0.000350"/>
      </testsuite>
      <testsuite name="App\Card\CardHandTest" file="/home/takl23/dbwebb-kurser/mvc/me/report/tests/Card/CardHandTest.php" tests="1" assertions="6" errors="0" warnings="0" failures="0" skipped="0" time="0.001569">
        <testcase name="testCardHand" class="App\Card\CardHandTest" classname="App.Card.CardHandTest" file="/home/takl23/dbwebb-kurser/mvc/me/report/tests/Card/CardHandTest.php" line="16" assertions="6" time="0.001569"/>
      </testsuite>
      <testsuite name="App\Card\CardTest" file="/home/takl23/dbwebb-kurser/mvc/me/report/tests/Card/CardTest.php" tests="4" assertions="8" errors="0" warnings="0" failures="0" skipped="0" time="0.003390">
        <testcase name="testCreateCard" class="App\Card\CardTest" classname="App.Card.CardTest" file="/home/takl23/dbwebb-kurser/mvc/me/report/tests/Card/CardTest.php" line="17" assertions="2" time="0.000743"/>
        <testcase name="testInvalidCardValue" class="App\Card\CardTest" classname="App.Card.CardTest" file="/home/takl23/dbwebb-kurser/mvc/me/report/tests/Card/CardTest.php" line="30" assertions="2" time="0.001788"/>
        <testcase name="testInvalidCardSuit" class="App\Card\CardTest" classname="App.Card.CardTest" file="/home/takl23/dbwebb-kurser/mvc/me/report/tests/Card/CardTest.php" line="40" assertions="2" time="0.000391"/>
        <testcase name="testCardColor" class="App\Card\CardTest" classname="App.Card.CardTest" file="/home/takl23/dbwebb-kurser/mvc/me/report/tests/Card/CardTest.php" line="50" assertions="2" time="0.000466"/>
      </testsuite>
      <testsuite name="App\Card\DeckOfCardsTest" file="/home/takl23/dbwebb-kurser/mvc/me/report/tests/Card/DeckOfCardsTest.php" tests="6" assertions="13" errors="0" warnings="0" failures="0" skipped="0" time="0.032060">
        <testcase name="testCreateDeck" class="App\Card\DeckOfCardsTest" classname="App.Card.DeckOfCardsTest" file="/home/takl23/dbwebb-kurser/mvc/me/report/tests/Card/DeckOfCardsTest.php" line="16" assertions="2" time="0.002710"/>
        <testcase name="testShuffleDeck" class="App\Card\DeckOfCardsTest" classname="App.Card.DeckOfCardsTest" file="/home/takl23/dbwebb-kurser/mvc/me/report/tests/Card/DeckOfCardsTest.php" line="27" assertions="3" time="0.021540"/>
        <testcase name="testDrawCard" class="App\Card\DeckOfCardsTest" classname="App.Card.DeckOfCardsTest" file="/home/takl23/dbwebb-kurser/mvc/me/report/tests/Card/DeckOfCardsTest.php" line="43" assertions="2" time="0.002252"/>
        <testcase name="testCountDeck" class="App\Card\DeckOfCardsTest" classname="App.Card.DeckOfCardsTest" file="/home/takl23/dbwebb-kurser/mvc/me/report/tests/Card/DeckOfCardsTest.php" line="54" assertions="2" time="0.001088"/>
        <testcase name="testGraphiccDeck" class="App\Card\DeckOfCardsTest" classname="App.Card.DeckOfCardsTest" file="/home/takl23/dbwebb-kurser/mvc/me/report/tests/Card/DeckOfCardsTest.php" line="65" assertions="2" time="0.002610"/>
        <testcase name="testDrawEmphtyDeck" class="App\Card\DeckOfCardsTest" classname="App.Card.DeckOfCardsTest" file="/home/takl23/dbwebb-kurser/mvc/me/report/tests/Card/DeckOfCardsTest.php" line="76" assertions="2" time="0.001859"/>
      </testsuite>
      <testsuite name="App\Card\Game21Test" file="/home/takl23/dbwebb-kurser/mvc/me/report/tests/Card/Game21Test.php" tests="5" assertions="21" errors="0" warnings="0" failures="0" skipped="0" time="0.009589">
        <testcase name="testSetupGameInitaialValues" class="App\Card\Game21Test" classname="App.Card.Game21Test" file="/home/takl23/dbwebb-kurser/mvc/me/report/tests/Card/Game21Test.php" line="16" assertions="4" time="0.004596"/>
        <testcase name="testNewGame" class="App\Card\Game21Test" classname="App.Card.Game21Test" file="/home/takl23/dbwebb-kurser/mvc/me/report/tests/Card/Game21Test.php" line="29" assertions="4" time="0.000816"/>
        <testcase name="testdrawCard" class="App\Card\Game21Test" classname="App.Card.Game21Test" file="/home/takl23/dbwebb-kurser/mvc/me/report/tests/Card/Game21Test.php" line="45" assertions="3" time="0.001640"/>
        <testcase name="testSumHand" class="App\Card\Game21Test" classname="App.Card.Game21Test" file="/home/takl23/dbwebb-kurser/mvc/me/report/tests/Card/Game21Test.php" line="63" assertions="3" time="0.001341"/>
        <testcase name="testProcessResult" class="App\Card\Game21Test" classname="App.Card.Game21Test" file="/home/takl23/dbwebb-kurser/mvc/me/report/tests/Card/Game21Test.php" line="86" assertions="7" time="0.001195"/>
      </testsuite>
      <testsuite name="App\Dice\DiceTest" file="/home/takl23/dbwebb-kurser/mvc/me/report/tests/Dice/DiceTest.php" tests="1" assertions="2" errors="0" warnings="0" failures="0" skipped="0" time="0.001037">
        <testcase name="testCreateDice" class="App\Dice\DiceTest" classname="App.Dice.DiceTest" file="/home/takl23/dbwebb-kurser/mvc/me/report/tests/Dice/DiceTest.php" line="16" assertions="2" time="0.001037"/>
      </testsuite>
      <testsuite name="App\Tests\Entity\LibraryTest" file="/home/takl23/dbwebb-kurser/mvc/me/report/tests/Library/LibraryTest.php" tests="5" assertions="5" errors="0" warnings="0" failures="0" skipped="0" time="0.003410">
        <testcase name="testGetId" class="App\Tests\Entity\LibraryTest" classname="App.Tests.Entity.LibraryTest" file="/home/takl23/dbwebb-kurser/mvc/me/report/tests/Library/LibraryTest.php" line="15" assertions="1" time="0.000967"/>
        <testcase name="testSetAndGetTitle" class="App\Tests\Entity\LibraryTest" classname="App.Tests.Entity.LibraryTest" file="/home/takl23/dbwebb-kurser/mvc/me/report/tests/Library/LibraryTest.php" line="24" assertions="1" time="0.000921"/>
        <testcase name="testSetAndGetISBN" class="App\Tests\Entity\LibraryTest" classname="App.Tests.Entity.LibraryTest" file="/home/takl23/dbwebb-kurser/mvc/me/report/tests/Library/LibraryTest.php" line="36" assertions="1" time="0.000562"/>
        <testcase name="testSetAndGetAuthor" class="App\Tests\Entity\LibraryTest" classname="App.Tests.Entity.LibraryTest" file="/home/takl23/dbwebb-kurser/mvc/me/report/tests/Library/LibraryTest.php" line="48" assertions="1" time="0.000350"/>
        <testcase name="testSetAndGetCover" class="App\Tests\Entity\LibraryTest" classname="App.Tests.Entity.LibraryTest" file="/home/takl23/dbwebb-kurser/mvc/me/report/tests/Library/LibraryTest.php" line="60" assertions="1" time="0.000610"/>
      </testsuite>
      <testsuite name="App\Tests\Entity\ProductTest" file="/home/takl23/dbwebb-kurser/mvc/me/report/tests/Library/ProductTest.php" tests="3" assertions="3" errors="0" warnings="0" failures="0" skipped="0" time="0.003605">
        <testcase name="testGetId" class="App\Tests\Entity\ProductTest" classname="App.Tests.Entity.ProductTest" file="/home/takl23/dbwebb-kurser/mvc/me/report/tests/Library/ProductTest.php" line="15" assertions="1" time="0.001514"/>
        <testcase name="testSetAndGetName" class="App\Tests\Entity\ProductTest" classname="App.Tests.Entity.ProductTest" file="/home/takl23/dbwebb-kurser/mvc/me/report/tests/Library/ProductTest.php" line="24" assertions="1" time="0.000826"/>
        <testcase name="testSetAndGetValue" class="App\Tests\Entity\ProductTest" classname="App.Tests.Entity.ProductTest" file="/home/takl23/dbwebb-kurser/mvc/me/report/tests/Library/ProductTest.php" line="36" assertions="1" time="0.001265"/>
      </testsuite>
    </testsuite>
  </testsuite>
</testsuites>
