<?xml version="1.0" encoding="UTF-8"?>
<testsuites>
  <testsuite name="" tests="27" assertions="62" errors="0" warnings="0" failures="0" skipped="0" time="0.057699">
    <testsuite name="Project Test Suite" tests="27" assertions="62" errors="0" warnings="0" failures="0" skipped="0" time="0.057699">
      <testsuite name="App\Card\CardGraphicTest" file="/home/takl23/dbwebb-kurser/mvc/me/report/tests/Card/CardGraphicTest.php" tests="2" assertions="4" errors="0" warnings="0" failures="0" skipped="0" time="0.012751">
        <testcase name="testGraphicRep" class="App\Card\CardGraphicTest" classname="App.Card.CardGraphicTest" file="/home/takl23/dbwebb-kurser/mvc/me/report/tests/Card/CardGraphicTest.php" line="16" assertions="2" time="0.012300"/>
        <testcase name="testGraphicRepConvertToString" class="App\Card\CardGraphicTest" classname="App.Card.CardGraphicTest" file="/home/takl23/dbwebb-kurser/mvc/me/report/tests/Card/CardGraphicTest.php" line="26" assertions="2" time="0.000451"/>
      </testsuite>
      <testsuite name="App\Card\CardHandTest" file="/home/takl23/dbwebb-kurser/mvc/me/report/tests/Card/CardHandTest.php" tests="1" assertions="6" errors="0" warnings="0" failures="0" skipped="0" time="0.001856">
        <testcase name="testCardHand" class="App\Card\CardHandTest" classname="App.Card.CardHandTest" file="/home/takl23/dbwebb-kurser/mvc/me/report/tests/Card/CardHandTest.php" line="16" assertions="6" time="0.001856"/>
      </testsuite>
      <testsuite name="App\Card\CardTest" file="/home/takl23/dbwebb-kurser/mvc/me/report/tests/Card/CardTest.php" tests="4" assertions="8" errors="0" warnings="0" failures="0" skipped="0" time="0.002425">
        <testcase name="testCreateCard" class="App\Card\CardTest" classname="App.Card.CardTest" file="/home/takl23/dbwebb-kurser/mvc/me/report/tests/Card/CardTest.php" line="17" assertions="2" time="0.000319"/>
        <testcase name="testInvalidCardValue" class="App\Card\CardTest" classname="App.Card.CardTest" file="/home/takl23/dbwebb-kurser/mvc/me/report/tests/Card/CardTest.php" line="30" assertions="2" time="0.001332"/>
        <testcase name="testInvalidCardSuit" class="App\Card\CardTest" classname="App.Card.CardTest" file="/home/takl23/dbwebb-kurser/mvc/me/report/tests/Card/CardTest.php" line="40" assertions="2" time="0.000456"/>
        <testcase name="testCardColor" class="App\Card\CardTest" classname="App.Card.CardTest" file="/home/takl23/dbwebb-kurser/mvc/me/report/tests/Card/CardTest.php" line="50" assertions="2" time="0.000318"/>
      </testsuite>
      <testsuite name="App\Card\DeckOfCardsTest" file="/home/takl23/dbwebb-kurser/mvc/me/report/tests/Card/DeckOfCardsTest.php" tests="6" assertions="13" errors="0" warnings="0" failures="0" skipped="0" time="0.021339">
        <testcase name="testCreateDeck" class="App\Card\DeckOfCardsTest" classname="App.Card.DeckOfCardsTest" file="/home/takl23/dbwebb-kurser/mvc/me/report/tests/Card/DeckOfCardsTest.php" line="16" assertions="2" time="0.001475"/>
        <testcase name="testShuffleDeck" class="App\Card\DeckOfCardsTest" classname="App.Card.DeckOfCardsTest" file="/home/takl23/dbwebb-kurser/mvc/me/report/tests/Card/DeckOfCardsTest.php" line="27" assertions="3" time="0.014821"/>
        <testcase name="testDrawCard" class="App\Card\DeckOfCardsTest" classname="App.Card.DeckOfCardsTest" file="/home/takl23/dbwebb-kurser/mvc/me/report/tests/Card/DeckOfCardsTest.php" line="43" assertions="2" time="0.000791"/>
        <testcase name="testCountDeck" class="App\Card\DeckOfCardsTest" classname="App.Card.DeckOfCardsTest" file="/home/takl23/dbwebb-kurser/mvc/me/report/tests/Card/DeckOfCardsTest.php" line="54" assertions="2" time="0.001164"/>
        <testcase name="testGraphiccDeck" class="App\Card\DeckOfCardsTest" classname="App.Card.DeckOfCardsTest" file="/home/takl23/dbwebb-kurser/mvc/me/report/tests/Card/DeckOfCardsTest.php" line="65" assertions="2" time="0.001669"/>
        <testcase name="testDrawEmphtyDeck" class="App\Card\DeckOfCardsTest" classname="App.Card.DeckOfCardsTest" file="/home/takl23/dbwebb-kurser/mvc/me/report/tests/Card/DeckOfCardsTest.php" line="76" assertions="2" time="0.001418"/>
      </testsuite>
      <testsuite name="App\Card\Game21Test" file="/home/takl23/dbwebb-kurser/mvc/me/report/tests/Card/Game21Test.php" tests="5" assertions="21" errors="0" warnings="0" failures="0" skipped="0" time="0.013014">
        <testcase name="testSetupGameInitaialValues" class="App\Card\Game21Test" classname="App.Card.Game21Test" file="/home/takl23/dbwebb-kurser/mvc/me/report/tests/Card/Game21Test.php" line="16" assertions="4" time="0.007900"/>
        <testcase name="testNewGame" class="App\Card\Game21Test" classname="App.Card.Game21Test" file="/home/takl23/dbwebb-kurser/mvc/me/report/tests/Card/Game21Test.php" line="29" assertions="4" time="0.000868"/>
        <testcase name="testdrawCard" class="App\Card\Game21Test" classname="App.Card.Game21Test" file="/home/takl23/dbwebb-kurser/mvc/me/report/tests/Card/Game21Test.php" line="45" assertions="3" time="0.000957"/>
        <testcase name="testSumHand" class="App\Card\Game21Test" classname="App.Card.Game21Test" file="/home/takl23/dbwebb-kurser/mvc/me/report/tests/Card/Game21Test.php" line="63" assertions="3" time="0.002137"/>
        <testcase name="testProcessResult" class="App\Card\Game21Test" classname="App.Card.Game21Test" file="/home/takl23/dbwebb-kurser/mvc/me/report/tests/Card/Game21Test.php" line="86" assertions="7" time="0.001151"/>
      </testsuite>
      <testsuite name="App\Dice\DiceTest" file="/home/takl23/dbwebb-kurser/mvc/me/report/tests/Dice/DiceTest.php" tests="1" assertions="2" errors="0" warnings="0" failures="0" skipped="0" time="0.001003">
        <testcase name="testCreateDice" class="App\Dice\DiceTest" classname="App.Dice.DiceTest" file="/home/takl23/dbwebb-kurser/mvc/me/report/tests/Dice/DiceTest.php" line="16" assertions="2" time="0.001003"/>
      </testsuite>
      <testsuite name="App\Tests\Entity\LibraryTest" file="/home/takl23/dbwebb-kurser/mvc/me/report/tests/Library/LibraryTest.php" tests="5" assertions="5" errors="0" warnings="0" failures="0" skipped="0" time="0.003308">
        <testcase name="testGetId" class="App\Tests\Entity\LibraryTest" classname="App.Tests.Entity.LibraryTest" file="/home/takl23/dbwebb-kurser/mvc/me/report/tests/Library/LibraryTest.php" line="16" assertions="1" time="0.000759"/>
        <testcase name="testSetAndGetTitle" class="App\Tests\Entity\LibraryTest" classname="App.Tests.Entity.LibraryTest" file="/home/takl23/dbwebb-kurser/mvc/me/report/tests/Library/LibraryTest.php" line="25" assertions="1" time="0.001401"/>
        <testcase name="testSetAndGetISBN" class="App\Tests\Entity\LibraryTest" classname="App.Tests.Entity.LibraryTest" file="/home/takl23/dbwebb-kurser/mvc/me/report/tests/Library/LibraryTest.php" line="37" assertions="1" time="0.000489"/>
        <testcase name="testSetAndGetAuthor" class="App\Tests\Entity\LibraryTest" classname="App.Tests.Entity.LibraryTest" file="/home/takl23/dbwebb-kurser/mvc/me/report/tests/Library/LibraryTest.php" line="49" assertions="1" time="0.000312"/>
        <testcase name="testSetAndGetCover" class="App\Tests\Entity\LibraryTest" classname="App.Tests.Entity.LibraryTest" file="/home/takl23/dbwebb-kurser/mvc/me/report/tests/Library/LibraryTest.php" line="61" assertions="1" time="0.000348"/>
      </testsuite>
      <testsuite name="App\Tests\Entity\ProductTest" file="/home/takl23/dbwebb-kurser/mvc/me/report/tests/Library/ProductTest.php" tests="3" assertions="3" errors="0" warnings="0" failures="0" skipped="0" time="0.002003">
        <testcase name="testGetId" class="App\Tests\Entity\ProductTest" classname="App.Tests.Entity.ProductTest" file="/home/takl23/dbwebb-kurser/mvc/me/report/tests/Library/ProductTest.php" line="16" assertions="1" time="0.001343"/>
        <testcase name="testSetAndGetName" class="App\Tests\Entity\ProductTest" classname="App.Tests.Entity.ProductTest" file="/home/takl23/dbwebb-kurser/mvc/me/report/tests/Library/ProductTest.php" line="25" assertions="1" time="0.000343"/>
        <testcase name="testSetAndGetValue" class="App\Tests\Entity\ProductTest" classname="App.Tests.Entity.ProductTest" file="/home/takl23/dbwebb-kurser/mvc/me/report/tests/Library/ProductTest.php" line="37" assertions="1" time="0.000317"/>
      </testsuite>
    </testsuite>
  </testsuite>
</testsuites>
