<?xml version="1.0" encoding="UTF-8"?>
<testsuites>
  <testsuite name="" tests="28" assertions="63" errors="0" warnings="0" failures="0" skipped="0" time="0.133232">
    <testsuite name="Project Test Suite" tests="28" assertions="63" errors="0" warnings="0" failures="0" skipped="0" time="0.133232">
      <testsuite name="App\Card\CardGraphicTest" file="/home/takl23/dbwebb-kurser/mvc/me/report/tests/Card/CardGraphicTest.php" tests="2" assertions="4" errors="0" warnings="0" failures="0" skipped="0" time="0.008862">
        <testcase name="testGraphicRep" class="App\Card\CardGraphicTest" classname="App.Card.CardGraphicTest" file="/home/takl23/dbwebb-kurser/mvc/me/report/tests/Card/CardGraphicTest.php" line="16" assertions="2" time="0.008549"/>
        <testcase name="testGraphicRepConvertToString" class="App\Card\CardGraphicTest" classname="App.Card.CardGraphicTest" file="/home/takl23/dbwebb-kurser/mvc/me/report/tests/Card/CardGraphicTest.php" line="26" assertions="2" time="0.000313"/>
      </testsuite>
      <testsuite name="App\Card\CardHandTest" file="/home/takl23/dbwebb-kurser/mvc/me/report/tests/Card/CardHandTest.php" tests="1" assertions="6" errors="0" warnings="0" failures="0" skipped="0" time="0.001072">
        <testcase name="testCardHand" class="App\Card\CardHandTest" classname="App.Card.CardHandTest" file="/home/takl23/dbwebb-kurser/mvc/me/report/tests/Card/CardHandTest.php" line="16" assertions="6" time="0.001072"/>
      </testsuite>
      <testsuite name="App\Card\CardTest" file="/home/takl23/dbwebb-kurser/mvc/me/report/tests/Card/CardTest.php" tests="4" assertions="8" errors="0" warnings="0" failures="0" skipped="0" time="0.003041">
        <testcase name="testCreateCard" class="App\Card\CardTest" classname="App.Card.CardTest" file="/home/takl23/dbwebb-kurser/mvc/me/report/tests/Card/CardTest.php" line="17" assertions="2" time="0.000430"/>
        <testcase name="testInvalidCardValue" class="App\Card\CardTest" classname="App.Card.CardTest" file="/home/takl23/dbwebb-kurser/mvc/me/report/tests/Card/CardTest.php" line="30" assertions="2" time="0.001475"/>
        <testcase name="testInvalidCardSuit" class="App\Card\CardTest" classname="App.Card.CardTest" file="/home/takl23/dbwebb-kurser/mvc/me/report/tests/Card/CardTest.php" line="40" assertions="2" time="0.000443"/>
        <testcase name="testCardColor" class="App\Card\CardTest" classname="App.Card.CardTest" file="/home/takl23/dbwebb-kurser/mvc/me/report/tests/Card/CardTest.php" line="50" assertions="2" time="0.000693"/>
      </testsuite>
      <testsuite name="App\Card\DeckOfCardsTest" file="/home/takl23/dbwebb-kurser/mvc/me/report/tests/Card/DeckOfCardsTest.php" tests="6" assertions="13" errors="0" warnings="0" failures="0" skipped="0" time="0.021873">
        <testcase name="testCreateDeck" class="App\Card\DeckOfCardsTest" classname="App.Card.DeckOfCardsTest" file="/home/takl23/dbwebb-kurser/mvc/me/report/tests/Card/DeckOfCardsTest.php" line="16" assertions="2" time="0.001561"/>
        <testcase name="testShuffleDeck" class="App\Card\DeckOfCardsTest" classname="App.Card.DeckOfCardsTest" file="/home/takl23/dbwebb-kurser/mvc/me/report/tests/Card/DeckOfCardsTest.php" line="27" assertions="3" time="0.016210"/>
        <testcase name="testDrawCard" class="App\Card\DeckOfCardsTest" classname="App.Card.DeckOfCardsTest" file="/home/takl23/dbwebb-kurser/mvc/me/report/tests/Card/DeckOfCardsTest.php" line="43" assertions="2" time="0.000831"/>
        <testcase name="testCountDeck" class="App\Card\DeckOfCardsTest" classname="App.Card.DeckOfCardsTest" file="/home/takl23/dbwebb-kurser/mvc/me/report/tests/Card/DeckOfCardsTest.php" line="54" assertions="2" time="0.000808"/>
        <testcase name="testGraphiccDeck" class="App\Card\DeckOfCardsTest" classname="App.Card.DeckOfCardsTest" file="/home/takl23/dbwebb-kurser/mvc/me/report/tests/Card/DeckOfCardsTest.php" line="65" assertions="2" time="0.001210"/>
        <testcase name="testDrawEmphtyDeck" class="App\Card\DeckOfCardsTest" classname="App.Card.DeckOfCardsTest" file="/home/takl23/dbwebb-kurser/mvc/me/report/tests/Card/DeckOfCardsTest.php" line="76" assertions="2" time="0.001253"/>
      </testsuite>
      <testsuite name="App\Card\Game21Test" file="/home/takl23/dbwebb-kurser/mvc/me/report/tests/Card/Game21Test.php" tests="5" assertions="21" errors="0" warnings="0" failures="0" skipped="0" time="0.008408">
        <testcase name="testSetupGameInitaialValues" class="App\Card\Game21Test" classname="App.Card.Game21Test" file="/home/takl23/dbwebb-kurser/mvc/me/report/tests/Card/Game21Test.php" line="16" assertions="4" time="0.003341"/>
        <testcase name="testNewGame" class="App\Card\Game21Test" classname="App.Card.Game21Test" file="/home/takl23/dbwebb-kurser/mvc/me/report/tests/Card/Game21Test.php" line="29" assertions="4" time="0.000894"/>
        <testcase name="testdrawCard" class="App\Card\Game21Test" classname="App.Card.Game21Test" file="/home/takl23/dbwebb-kurser/mvc/me/report/tests/Card/Game21Test.php" line="45" assertions="3" time="0.000727"/>
        <testcase name="testSumHand" class="App\Card\Game21Test" classname="App.Card.Game21Test" file="/home/takl23/dbwebb-kurser/mvc/me/report/tests/Card/Game21Test.php" line="63" assertions="3" time="0.002433"/>
        <testcase name="testProcessResult" class="App\Card\Game21Test" classname="App.Card.Game21Test" file="/home/takl23/dbwebb-kurser/mvc/me/report/tests/Card/Game21Test.php" line="86" assertions="7" time="0.001013"/>
      </testsuite>
      <testsuite name="App\Dice\DiceTest" file="/home/takl23/dbwebb-kurser/mvc/me/report/tests/Dice/DiceTest.php" tests="1" assertions="2" errors="0" warnings="0" failures="0" skipped="0" time="0.000972">
        <testcase name="testCreateDice" class="App\Dice\DiceTest" classname="App.Dice.DiceTest" file="/home/takl23/dbwebb-kurser/mvc/me/report/tests/Dice/DiceTest.php" line="16" assertions="2" time="0.000972"/>
      </testsuite>
      <testsuite name="App\Tests\Entity\LibraryTest" file="/home/takl23/dbwebb-kurser/mvc/me/report/tests/Library/LibraryTest.php" tests="5" assertions="5" errors="0" warnings="0" failures="0" skipped="0" time="0.002596">
        <testcase name="testGetId" class="App\Tests\Entity\LibraryTest" classname="App.Tests.Entity.LibraryTest" file="/home/takl23/dbwebb-kurser/mvc/me/report/tests/Library/LibraryTest.php" line="16" assertions="1" time="0.000827"/>
        <testcase name="testSetAndGetTitle" class="App\Tests\Entity\LibraryTest" classname="App.Tests.Entity.LibraryTest" file="/home/takl23/dbwebb-kurser/mvc/me/report/tests/Library/LibraryTest.php" line="25" assertions="1" time="0.000818"/>
        <testcase name="testSetAndGetISBN" class="App\Tests\Entity\LibraryTest" classname="App.Tests.Entity.LibraryTest" file="/home/takl23/dbwebb-kurser/mvc/me/report/tests/Library/LibraryTest.php" line="37" assertions="1" time="0.000304"/>
        <testcase name="testSetAndGetAuthor" class="App\Tests\Entity\LibraryTest" classname="App.Tests.Entity.LibraryTest" file="/home/takl23/dbwebb-kurser/mvc/me/report/tests/Library/LibraryTest.php" line="49" assertions="1" time="0.000313"/>
        <testcase name="testSetAndGetCover" class="App\Tests\Entity\LibraryTest" classname="App.Tests.Entity.LibraryTest" file="/home/takl23/dbwebb-kurser/mvc/me/report/tests/Library/LibraryTest.php" line="61" assertions="1" time="0.000333"/>
      </testsuite>
      <testsuite name="App\Tests\Entity\ProductTest" file="/home/takl23/dbwebb-kurser/mvc/me/report/tests/Library/ProductTest.php" tests="3" assertions="3" errors="0" warnings="0" failures="0" skipped="0" time="0.001334">
        <testcase name="testGetId" class="App\Tests\Entity\ProductTest" classname="App.Tests.Entity.ProductTest" file="/home/takl23/dbwebb-kurser/mvc/me/report/tests/Library/ProductTest.php" line="16" assertions="1" time="0.000698"/>
        <testcase name="testSetAndGetName" class="App\Tests\Entity\ProductTest" classname="App.Tests.Entity.ProductTest" file="/home/takl23/dbwebb-kurser/mvc/me/report/tests/Library/ProductTest.php" line="25" assertions="1" time="0.000317"/>
        <testcase name="testSetAndGetValue" class="App\Tests\Entity\ProductTest" classname="App.Tests.Entity.ProductTest" file="/home/takl23/dbwebb-kurser/mvc/me/report/tests/Library/ProductTest.php" line="37" assertions="1" time="0.000319"/>
      </testsuite>
      <testsuite name="App\Tests\Service\PopulationElomradeServiceTest" file="/home/takl23/dbwebb-kurser/mvc/me/report/tests/Service/PopulationElomradeServiceTest.php" tests="1" assertions="1" errors="0" warnings="0" failures="0" skipped="0" time="0.085075">
        <testcase name="testCalculateAndSavePopulationPerElomrade" class="App\Tests\Service\PopulationElomradeServiceTest" classname="App.Tests.Service.PopulationElomradeServiceTest" file="/home/takl23/dbwebb-kurser/mvc/me/report/tests/Service/PopulationElomradeServiceTest.php" line="57" assertions="1" time="0.085075"/>
      </testsuite>
    </testsuite>
  </testsuite>
</testsuites>
