<?xml version="1.0" encoding="UTF-8"?>
<testsuites>
  <testsuite name="" tests="19" assertions="54" errors="0" warnings="0" failures="0" skipped="0" time="0.125928">
    <testsuite name="Project Test Suite" tests="19" assertions="54" errors="0" warnings="0" failures="0" skipped="0" time="0.125928">
      <testsuite name="App\Card\CardGraphicTest" file="/home/takl23/dbwebb-kurser/mvc/me/report/tests/Card/CardGraphicTest.php" tests="2" assertions="4" errors="0" warnings="0" failures="0" skipped="0" time="0.036554">
        <testcase name="testGraphicRep" class="App\Card\CardGraphicTest" classname="App.Card.CardGraphicTest" file="/home/takl23/dbwebb-kurser/mvc/me/report/tests/Card/CardGraphicTest.php" line="16" assertions="2" time="0.035314"/>
        <testcase name="testGraphicRepConvertToString" class="App\Card\CardGraphicTest" classname="App.Card.CardGraphicTest" file="/home/takl23/dbwebb-kurser/mvc/me/report/tests/Card/CardGraphicTest.php" line="26" assertions="2" time="0.001240"/>
      </testsuite>
      <testsuite name="App\Card\CardHandTest" file="/home/takl23/dbwebb-kurser/mvc/me/report/tests/Card/CardHandTest.php" tests="1" assertions="6" errors="0" warnings="0" failures="0" skipped="0" time="0.005081">
        <testcase name="testCardHand" class="App\Card\CardHandTest" classname="App.Card.CardHandTest" file="/home/takl23/dbwebb-kurser/mvc/me/report/tests/Card/CardHandTest.php" line="16" assertions="6" time="0.005081"/>
      </testsuite>
      <testsuite name="App\Card\CardTest" file="/home/takl23/dbwebb-kurser/mvc/me/report/tests/Card/CardTest.php" tests="4" assertions="8" errors="0" warnings="0" failures="0" skipped="0" time="0.007355">
        <testcase name="testCreateCard" class="App\Card\CardTest" classname="App.Card.CardTest" file="/home/takl23/dbwebb-kurser/mvc/me/report/tests/Card/CardTest.php" line="17" assertions="2" time="0.001613"/>
        <testcase name="testInvalidCardValue" class="App\Card\CardTest" classname="App.Card.CardTest" file="/home/takl23/dbwebb-kurser/mvc/me/report/tests/Card/CardTest.php" line="30" assertions="2" time="0.003975"/>
        <testcase name="testInvalidCardSuit" class="App\Card\CardTest" classname="App.Card.CardTest" file="/home/takl23/dbwebb-kurser/mvc/me/report/tests/Card/CardTest.php" line="40" assertions="2" time="0.000634"/>
        <testcase name="testCardColor" class="App\Card\CardTest" classname="App.Card.CardTest" file="/home/takl23/dbwebb-kurser/mvc/me/report/tests/Card/CardTest.php" line="50" assertions="2" time="0.001133"/>
      </testsuite>
      <testsuite name="App\Card\DeckOfCardsTest" file="/home/takl23/dbwebb-kurser/mvc/me/report/tests/Card/DeckOfCardsTest.php" tests="6" assertions="13" errors="0" warnings="0" failures="0" skipped="0" time="0.052590">
        <testcase name="testCreateDeck" class="App\Card\DeckOfCardsTest" classname="App.Card.DeckOfCardsTest" file="/home/takl23/dbwebb-kurser/mvc/me/report/tests/Card/DeckOfCardsTest.php" line="16" assertions="2" time="0.003980"/>
        <testcase name="testShuffleDeck" class="App\Card\DeckOfCardsTest" classname="App.Card.DeckOfCardsTest" file="/home/takl23/dbwebb-kurser/mvc/me/report/tests/Card/DeckOfCardsTest.php" line="27" assertions="3" time="0.033918"/>
        <testcase name="testDrawCard" class="App\Card\DeckOfCardsTest" classname="App.Card.DeckOfCardsTest" file="/home/takl23/dbwebb-kurser/mvc/me/report/tests/Card/DeckOfCardsTest.php" line="43" assertions="2" time="0.002896"/>
        <testcase name="testCountDeck" class="App\Card\DeckOfCardsTest" classname="App.Card.DeckOfCardsTest" file="/home/takl23/dbwebb-kurser/mvc/me/report/tests/Card/DeckOfCardsTest.php" line="54" assertions="2" time="0.002801"/>
        <testcase name="testGraphiccDeck" class="App\Card\DeckOfCardsTest" classname="App.Card.DeckOfCardsTest" file="/home/takl23/dbwebb-kurser/mvc/me/report/tests/Card/DeckOfCardsTest.php" line="65" assertions="2" time="0.004136"/>
        <testcase name="testDrawEmphtyDeck" class="App\Card\DeckOfCardsTest" classname="App.Card.DeckOfCardsTest" file="/home/takl23/dbwebb-kurser/mvc/me/report/tests/Card/DeckOfCardsTest.php" line="76" assertions="2" time="0.004858"/>
      </testsuite>
      <testsuite name="App\Card\Game21Test" file="/home/takl23/dbwebb-kurser/mvc/me/report/tests/Card/Game21Test.php" tests="5" assertions="21" errors="0" warnings="0" failures="0" skipped="0" time="0.020576">
        <testcase name="testSetupGameInitaialValues" class="App\Card\Game21Test" classname="App.Card.Game21Test" file="/home/takl23/dbwebb-kurser/mvc/me/report/tests/Card/Game21Test.php" line="16" assertions="4" time="0.007994"/>
        <testcase name="testNewGame" class="App\Card\Game21Test" classname="App.Card.Game21Test" file="/home/takl23/dbwebb-kurser/mvc/me/report/tests/Card/Game21Test.php" line="29" assertions="4" time="0.002894"/>
        <testcase name="testdrawCard" class="App\Card\Game21Test" classname="App.Card.Game21Test" file="/home/takl23/dbwebb-kurser/mvc/me/report/tests/Card/Game21Test.php" line="45" assertions="3" time="0.002655"/>
        <testcase name="testSumHand" class="App\Card\Game21Test" classname="App.Card.Game21Test" file="/home/takl23/dbwebb-kurser/mvc/me/report/tests/Card/Game21Test.php" line="63" assertions="3" time="0.003728"/>
        <testcase name="testProcessResult" class="App\Card\Game21Test" classname="App.Card.Game21Test" file="/home/takl23/dbwebb-kurser/mvc/me/report/tests/Card/Game21Test.php" line="86" assertions="7" time="0.003305"/>
      </testsuite>
      <testsuite name="App\Dice\DiceTest" file="/home/takl23/dbwebb-kurser/mvc/me/report/tests/Dice/DiceTest.php" tests="1" assertions="2" errors="0" warnings="0" failures="0" skipped="0" time="0.003773">
        <testcase name="testCreateDice" class="App\Dice\DiceTest" classname="App.Dice.DiceTest" file="/home/takl23/dbwebb-kurser/mvc/me/report/tests/Dice/DiceTest.php" line="16" assertions="2" time="0.003773"/>
      </testsuite>
    </testsuite>
  </testsuite>
</testsuites>
